<?xml version="1.0" encoding="UTF-8"?>
<!-- Generated by org.testng.reporters.JUnitXMLReporter -->
<testsuite hostname="LAPTOP-DGA8EDSP" ignored="0" name="Test" tests="2" failures="2" timestamp="06 Apr 2020 11:09:28 GMT" time="7.695" errors="0">
  <testcase name="Homepagenav" time="7.668" classname="pack2.ValidateTitle">
    <failure type="java.lang.AssertionError" message="expected [FEATURED COURSES1] but found [FEATURED COURSES]">
      <![CDATA[java.lang.AssertionError: expected [FEATURED COURSES1] but found [FEATURED COURSES]
at pack2.ValidateTitle.Homepagenav(ValidateTitle.java:27)
... Removed 31 stack frames]]>
    </failure>
  </testcase> <!-- Homepagenav -->
  <testcase name="Homepagenav" time="7.68" classname="pack2.ValidateTitle">
    <failure type="java.lang.NullPointerException">
      <![CDATA[java.lang.NullPointerException
at pack11.Basic.getscreenshots(Basic.java:40)
at pack2.listners.onTestFailure(listners.java:32)
... Removed 22 stack frames]]>
    </failure>
  </testcase> <!-- Homepagenav -->
</testsuite> <!-- Test -->
